Running: C:\Xilinx\14.6\ISE_DS\ISE\bin\nt64\unwrapped\fuse.exe -intstyle ise -incremental -lib secureip -o D:/New folder/assignment 2/Minula/Copy of FSM/FSM/tb_FSM_isim_beh.exe -prj D:/New folder/assignment 2/Minula/Copy of FSM/FSM/tb_FSM_beh.prj work.tb_FSM 
ISim P.68d (signature 0x7708f090)
Number of CPUs detected in this system: 4
Turning on mult-threading, number of parallel sub-compilation jobs: 8 
Determining compilation order of HDL files
Parsing VHDL file "D:/New folder/assignment 2/Minula/Copy of FSM/FSM/FSM.vhd" into library work
Parsing VHDL file "D:/New folder/assignment 2/Minula/Copy of FSM/FSM/tb_FSM.vhd" into library work
Starting static elaboration
Completed static elaboration
Compiling package standard
Compiling package std_logic_1164
Compiling architecture behavioral of entity FSM [fsm_default]
Compiling architecture behavior of entity tb_fsm
Time Resolution for simulation is 1ps.
Waiting for 1 sub-compilation(s) to finish...
WARNING:Simulator - Unable to copy libPortabilityNOSH.dll to the simulation executable directory: boost::filesystem::copy_file: The system cannot find the path specified, "isim\tb_FSM_isim_beh.exe.sim\libPortability.dll".
Compiled 5 VHDL Units
Built simulation executable D:/New folder/assignment 2/Minula/Copy of FSM/FSM/tb_FSM_isim_beh.exe
Fuse Memory Usage: 29576 KB
Fuse CPU Usage: 437 ms
