Release 14.6 - xst P.68d (nt64)
Copyright (c) 1995-2013 Xilinx, Inc.  All rights reserved.
--> Parameter TMPDIR set to xst/projnav.tmp


Total REAL time to Xst completion: 0.00 secs
Total CPU time to Xst completion: 0.06 secs
 
--> Parameter xsthdpdir set to xst


Total REAL time to Xst completion: 0.00 secs
Total CPU time to Xst completion: 0.06 secs
 
--> Reading design: FSM.prj

TABLE OF CONTENTS
  1) Synthesis Options Summary
  2) HDL Compilation
  3) Design Hierarchy Analysis
  4) HDL Analysis
  5) HDL Synthesis
     5.1) HDL Synthesis Report
  6) Advanced HDL Synthesis
     6.1) Advanced HDL Synthesis Report
  7) Low Level Synthesis
  8) Partition Report
  9) Final Report
	9.1) Device utilization summary
	9.2) Partition Resource Summary
	9.3) TIMING REPORT


=========================================================================
*                      Synthesis Options Summary                        *
=========================================================================
---- Source Parameters
Input File Name                    : "FSM.prj"
Input Format                       : mixed
Ignore Synthesis Constraint File   : NO

---- Target Parameters
Output File Name                   : "FSM"
Output Format                      : NGC
Target Device                      : xc3s100e-5-cp132

---- Source Options
Top Module Name                    : FSM
Automatic FSM Extraction           : YES
FSM Encoding Algorithm             : Auto
Safe Implementation                : No
FSM Style                          : LUT
RAM Extraction                     : Yes
RAM Style                          : Auto
ROM Extraction                     : Yes
Mux Style                          : Auto
Decoder Extraction                 : YES
Priority Encoder Extraction        : Yes
Shift Register Extraction          : YES
Logical Shifter Extraction         : YES
XOR Collapsing                     : YES
ROM Style                          : Auto
Mux Extraction                     : Yes
Resource Sharing                   : YES
Asynchronous To Synchronous        : NO
Multiplier Style                   : Auto
Automatic Register Balancing       : No

---- Target Options
Add IO Buffers                     : YES
Global Maximum Fanout              : 100000
Add Generic Clock Buffer(BUFG)     : 24
Register Duplication               : YES
Slice Packing                      : YES
Optimize Instantiated Primitives   : NO
Use Clock Enable                   : Yes
Use Synchronous Set                : Yes
Use Synchronous Reset              : Yes
Pack IO Registers into IOBs        : Auto
Equivalent register Removal        : YES

---- General Options
Optimization Goal                  : Speed
Optimization Effort                : 1
Keep Hierarchy                     : No
Netlist Hierarchy                  : As_Optimized
RTL Output                         : Yes
Global Optimization                : AllClockNets
Read Cores                         : YES
Write Timing Constraints           : NO
Cross Clock Analysis               : NO
Hierarchy Separator                : /
Bus Delimiter                      : <>
Case Specifier                     : Maintain
Slice Utilization Ratio            : 100
BRAM Utilization Ratio             : 100
Verilog 2001                       : YES
Auto BRAM Packing                  : NO
Slice Utilization Ratio Delta      : 5

=========================================================================


=========================================================================
*                          HDL Compilation                              *
=========================================================================
Compiling vhdl file "D:/New folder/assignment 2/Minula/New folder/vhdl/FSM.vhd" in Library work.
Entity <fsm> compiled.
Entity <fsm> (Architecture <synthesis1>) compiled.

=========================================================================
*                     Design Hierarchy Analysis                         *
=========================================================================
Analyzing hierarchy for entity <FSM> in library <work> (architecture <synthesis1>).


=========================================================================
*                            HDL Analysis                               *
=========================================================================
Analyzing Entity <FSM> in library <work> (Architecture <synthesis1>).
Entity <FSM> analyzed. Unit <FSM> generated.


=========================================================================
*                           HDL Synthesis                               *
=========================================================================

Performing bidirectional port resolution...

Synthesizing Unit <FSM>.
    Related source file is "D:/New folder/assignment 2/Minula/New folder/vhdl/FSM.vhd".
    Using one-hot encoding for signal <currentstate>.
WARNING:Xst:737 - Found 4-bit latch for signal <nextstate>. Latches may be generated from incomplete case or if statements. We do not recommend the use of latches in FPGA/CPLD designs, as they may lead to timing problems.
INFO:Xst:2371 - HDL ADVISOR - Logic functions respectively driving the data and gate enable inputs of this latch share common terms. This situation will potentially lead to setup/hold violations and, as a result, to simulation problems. This situation may come from an incomplete case statement (all selector values are not covered). You should carefully review if it was in your intentions to describe such a latch.
    Found 4-bit register for signal <currentstate>.
Unit <FSM> synthesized.


=========================================================================
HDL Synthesis Report

Macro Statistics
# Registers                                            : 1
 4-bit register                                        : 1
# Latches                                              : 1
 4-bit latch                                           : 1

=========================================================================

=========================================================================
*                       Advanced HDL Synthesis                          *
=========================================================================

WARNING:Xst:1293 - FF/Latch <3> has a constant value of 0 in block <currentstate>. This FF/Latch will be trimmed during the optimization process.
WARNING:Xst:1293 - FF/Latch <0> has a constant value of 0 in block <3>. This FF/Latch will be trimmed during the optimization process.

=========================================================================
Advanced HDL Synthesis Report

Macro Statistics
# Registers                                            : 4
 Flip-Flops                                            : 4
# Latches                                              : 1
 4-bit latch                                           : 1

=========================================================================

=========================================================================
*                         Low Level Synthesis                           *
=========================================================================
WARNING:Xst:1293 - FF/Latch <nextstate_3> has a constant value of 0 in block <FSM>. This FF/Latch will be trimmed during the optimization process.
WARNING:Xst:1896 - Due to other FF/Latch trimming, FF/Latch <currentstate_3> has a constant value of 0 in block <FSM>. This FF/Latch will be trimmed during the optimization process.

Optimizing unit <FSM> ...

Mapping all equations...
Building and optimizing final netlist ...
Found area constraint ratio of 100 (+ 5) on block FSM, actual ratio is 0.
FlipFlop currentstate_2 has been replicated 1 time(s) to handle iob=true attribute.
FlipFlop currentstate_1 has been replicated 1 time(s) to handle iob=true attribute.

Final Macro Processing ...

=========================================================================
Final Register Report

Macro Statistics
# Registers                                            : 5
 Flip-Flops                                            : 5

=========================================================================

=========================================================================
*                           Partition Report                            *
=========================================================================

Partition Implementation Status
-------------------------------

  No Partitions were found in this design.

-------------------------------

=========================================================================
*                            Final Report                               *
=========================================================================
Final Results
RTL Top Level Output File Name     : FSM.ngr
Top Level Output File Name         : FSM
Output Format                      : NGC
Optimization Goal                  : Speed
Keep Hierarchy                     : No

Design Statistics
# IOs                              : 6

Cell Usage :
# BELS                             : 7
#      INV                         : 1
#      LUT3                        : 2
#      LUT4                        : 3
#      MUXF5                       : 1
# FlipFlops/Latches                : 8
#      FDC                         : 4
#      FDP                         : 1
#      LD                          : 3
# Clock Buffers                    : 1
#      BUFGP                       : 1
# IO Buffers                       : 5
#      IBUF                        : 3
#      OBUF                        : 2
=========================================================================

Device utilization summary:
---------------------------

Selected Device : 3s100ecp132-5 

 Number of Slices:                        3  out of    960     0%  
 Number of Slice Flip Flops:              6  out of   1920     0%  
 Number of 4 input LUTs:                  6  out of   1920     0%  
 Number of IOs:                           6
 Number of bonded IOBs:                   6  out of     83     7%  
    IOB Flip Flops:                       2
 Number of GCLKs:                         1  out of     24     4%  

---------------------------
Partition Resource Summary:
---------------------------

  No Partitions were found in this design.

---------------------------


=========================================================================
TIMING REPORT

NOTE: THESE TIMING NUMBERS ARE ONLY A SYNTHESIS ESTIMATE.
      FOR ACCURATE TIMING INFORMATION PLEASE REFER TO THE TRACE REPORT
      GENERATED AFTER PLACE-and-ROUTE.

Clock Information:
------------------
---------------------------------------+------------------------+-------+
Clock Signal                           | Clock buffer(FF name)  | Load  |
---------------------------------------+------------------------+-------+
nextstate_not0001(nextstate_not00011:O)| NONE(*)(nextstate_0)   | 3     |
clock                                  | BUFGP                  | 5     |
---------------------------------------+------------------------+-------+
(*) This 1 clock signal(s) are generated by combinatorial logic,
and XST is not able to identify which are the primary clock signals.
Please use the CLOCK_SIGNAL constraint to specify the clock signal(s) generated by combinatorial logic.
INFO:Xst:2169 - HDL ADVISOR - Some clock signals were not automatically buffered by XST with BUFG/BUFR resources. Please use the buffer_type constraint in order to insert these buffers to the clock signals to help prevent skew problems.

Asynchronous Control Signals Information:
----------------------------------------
-----------------------------------------------------+------------------------+-------+
Control Signal                                       | Buffer(FF name)        | Load  |
-----------------------------------------------------+------------------------+-------+
currentstate_Acst_inv(currentstate_Acst_inv1_INV_0:O)| NONE(currentstate_0)   | 5     |
-----------------------------------------------------+------------------------+-------+

Timing Summary:
---------------
Speed Grade: -5

   Minimum period: No path found
   Minimum input arrival time before clock: 2.954ns
   Maximum output required time after clock: 4.040ns
   Maximum combinational path delay: No path found

Timing Detail:
--------------
All values displayed in nanoseconds (ns)

=========================================================================
Timing constraint: Default OFFSET IN BEFORE for Clock 'nextstate_not0001'
  Total number of paths / destination ports: 7 / 3
-------------------------------------------------------------------------
Offset:              2.954ns (Levels of Logic = 3)
  Source:            buttons<1> (PAD)
  Destination:       nextstate_0 (LATCH)
  Destination Clock: nextstate_not0001 falling

  Data Path: buttons<1> to nextstate_0
                                Gate     Net
    Cell:in->out      fanout   Delay   Delay  Logical Name (Net Name)
    ----------------------------------------  ------------
     IBUF:I->O             5   1.106   0.690  buttons_1_IBUF (buttons_1_IBUF)
     LUT4:I0->O            1   0.612   0.000  nextstate_mux0001<0>_F (N7)
     MUXF5:I0->O           1   0.278   0.000  nextstate_mux0001<0> (nextstate_mux0001<0>)
     LD:D                      0.268          nextstate_0
    ----------------------------------------
    Total                      2.954ns (2.264ns logic, 0.690ns route)
                                       (76.6% logic, 23.4% route)

=========================================================================
Timing constraint: Default OFFSET OUT AFTER for Clock 'clock'
  Total number of paths / destination ports: 2 / 2
-------------------------------------------------------------------------
Offset:              4.040ns (Levels of Logic = 1)
  Source:            currentstate_2_1 (FF)
  Destination:       lights<1> (PAD)
  Source Clock:      clock rising

  Data Path: currentstate_2_1 to lights<1>
                                Gate     Net
    Cell:in->out      fanout   Delay   Delay  Logical Name (Net Name)
    ----------------------------------------  ------------
     FDC:C->Q              1   0.514   0.357  currentstate_2_1 (currentstate_2_1)
     OBUF:I->O                 3.169          lights_1_OBUF (lights<1>)
    ----------------------------------------
    Total                      4.040ns (3.683ns logic, 0.357ns route)
                                       (91.2% logic, 8.8% route)

=========================================================================


Total REAL time to Xst completion: 4.00 secs
Total CPU time to Xst completion: 3.76 secs
 
--> 

Total memory usage is 294320 kilobytes

Number of errors   :    0 (   0 filtered)
Number of warnings :    5 (   0 filtered)
Number of infos    :    2 (   0 filtered)

